灰烬	100
窥视	100
含混	53
匮乏	100
汽水	100
恣意	100
亲昵	100
崇高	100
惩罚	100
大致	100
苔藓	100
贷款	100
莅临	100
驱赶	100
逞强	100
观摩	100
锦盒	45
处置	100
怂恿	100
梳理	100
肄业	100
鲤鱼	100
辍学	100
疫情	100
蹊跷	100
萧条	100
飘摇	94
一瞬间	100
混沌	100
临界点	100
噩耗	100
照相机	100
休息	100
憧憬	100
愚昧	100
蓝天	100
累计	100
戊戌	50
委屈	100
遗憾	100
帐篷	100
砥砺	100
奋发	100
奚落	63
肇事	100
籍贯	100
装订	100
山坳	100
震撼	100
气概	100
显像管	40
发愣	38
分歧	100
大概	100
枯槁	14
辍学	100
诬告	100
醍醐	14
辩证法	100
怄气	33
肖像	100
通讯员	100
留恋	100
犹如	100
传闻	100
亲和力	100
凝聚	100
震撼	100
旱灾	100
抉择	100
杀戮	100
国籍	100
余悸	10
花哨	100
流连忘返	100
客栈	100
和蔼	100
伫立	100
户口簿	100
讯号	100
申请	100
油然	44
斑斓	100
导致	100
震惊	100
震撼	100
荒芜	100
藐视	100
公顷	100
篮球	100
斟酌	100
暖烘烘	73
登录	100
针灸	100
擅自	100
砝码	100
九州	100
莞尔	51
狩猎	100
幌子	100
疏浚	100
需要	100
青年人	100
蜡烛	100
笨拙	100
总决赛	100
猥亵	100
缩水	100
肿胀	100
炮制	100
对弈	100
羽翼	100
停泊	100
赝品	100
翱翔	100
熔炉	100
怂恿	100
情愫	100
蓦然	76
优惠券	100
舶来品	100
博物	100
青睐	100
肇事者	100
融洽	100
瞭望	100
歧视	100
滑稽	100
棘手	100
链接	100
厮杀	100
吉祥	100
通宵	100
疏浚	100
人才	100
抨击	100
修葺	100
挑拨	100
公证处	100
选拔	100
残忍	100
防范	100
竞争	100
啰唆	5
账目	100
呆愣	0
副作用	100
奢靡	100
弹劾	100
雄赳赳	100
辟谣	100
制高点	100
纯净	100
煤气机	0
怂恿	100
视察	100
很是	0
侦察兵	100
娇宠	4
仓促	100
嘚瑟	0
逊色	100
体育界	100
濒临	100
灵犀	87
编纂	100
旌旗	100
气溶胶	100
厨房	100
厉害	100
奢靡	100
窠臼	100
松弛	100
追溯	100
商务舱	0
讲义气	0
欣慰	100
多米诺	66
飘洒	100
青年人	100
笑靥	100
健康	100
对峙	100
绿洲	100
自诩	100
起讫	95
护堤	100
淹没	100
翻两番	100
沉默	100
了解	100
伎俩	100
光辉	100
免疫	100
羁縻	13
冗长	100
灿烂	100
一炷香	24
誊写	58
载体	100
市侩	38
缘分	100
活性炭	100
内讧	81
节俭	100
遨游	100
皱纹	100
抱歉	100
搀扶	100
沟通	100
横梁	100
拾金不昧	100
广有羽翼	0
斐然成章	1
曲突徙薪	12
谈笑风生	100
明察秋毫	100
爱慕虚荣	0
微不足道	100
刻不容缓	100
垂头丧气	95
取义成仁	9
毛骨悚然	100
神妙莫测	2
泾渭分明	100
鸠占鹊巢	34
言简意赅	100
惩前毖后	100
横七竖八	86
天翻地覆	100
彬彬有礼	100
不遗余力	100
迥乎不同	3
奄奄一息	100
万贯家私	0
拂袖而去	30
痛心疾首	100
天涯海角	100
山肴野蔌	4
泛滥成灾	100
峨冠博带	4
熟能生巧	100
提心吊胆	100
怪涎不经	0
众口铄金	12
改邪归正	39
名副其实	100
欣欣向荣	100
记忆犹新	100
流芳百世	57
好高骛远	100
扬扬自得	1
依稀可见	100
血气方刚	69
众目睽睽	100
迫不及待	100
纵横决荡	0
大显身手	100
精雕细琢	100
义愤填膺	100
大声疾呼	100
挥汗如雨	100
班门弄斧	26
无精打采	100
抱打不平	10
毫不介意	24
鄙夷不屑	1
得意忘形	75
稗官野史	8
扶老携幼	100
漠然置之	28
再接再厉	100
包罗万象	100
略见一斑	16
匪夷所思	100
明珠暗投	2
生死攸关	100
不祥之兆	19
穷形尽相	4
徇私枉法	100
扑朔迷离	100
呼朋引伴	0
敝帚自珍	9
振聋发聩	100
倒打一耙	100
动辄得咎	13
良辰美景	92
怙恶不悛	11
抱怨	100
船舷	50
禅意	100
驰骋	100
别扭	100
忏悔	100
敞亮	100
船舶	100
范畴	100
大概	100
晦气	100
绊倒	100
通讯	100
癖好	93
憧憬	100
诋毁	100
肇事者	100
掣肘	100
晨昏	100
诙谐	100
厄运	100
羁绊	100
天涯	100
坍塌	100
恶劣	100
和弦	100
蹙额	1
概念	100
粗略	100
方圆	100
豢养	100
葱茏	100
诨号	1
容貌	100
草根	100
破例	100
通牒	23
采拮	0
切磋	100
水浒传	100
毗邻	100
蹒跚	100
猝然	100
池鱼	35
凋敝	100
挖掘	100
参差	100
仇恨	100
蔓延	100
船舷	50
崛起	100
阊阖	0
草垛	72
愤懑	100
斐然	100
陪伴	100
词缀	3
翱翔	100
闲暇	100
秤砣	53
帷幕	100
疮疤	100
斗篷	100
伺候	100
迟钝	100
扑朔	39
凝聚	100
漕运	94
晌午	67
花蕊	100
呈报	100
深邃	100
鞭挞	100
垂青	100
辞藻	100
忤逆	34
覆盖	100
砗磲	19
楷书	100
陶瓷	100
遴选	100
蟾宫	18
昌蒲	2
赌气	100
坟墓	100
储藏	100
来源	100
导致	100
幽僻	4
愁怨	3
羸弱	100
抱歉	100
桑葚	100
槽枥	0
部署	100
模型	100
刻薄	100
勾销	7
筹划	100
凌冽	58
一败涂地	100
爱屋及乌	26
网开一面	100
血脉偾张	0
方兴未艾	100
梦寐以求	100
炙手可热	100
万劫不复	100
半途而废	100
莫衷一是	100
罄竹难书	100
囊中羞涩	100
励精图治	100
血脉偾张	0
闪烁其辞	20
风驰电掣	100
藕断丝连	100
为虎作伥	63
委曲求全	88
旁征博引	100
